[2026-06-16T04:02:06.034Z] ENDPOINT: foods.search | PARAMS: {"query":"tofu","max_results":10} | STATUS: 200
[2026-06-16T04:02:15.556Z] ENDPOINT: foods.search | PARAMS: {"query":"cottage","max_results":10} | STATUS: 200
[2026-06-16T04:02:17.705Z] ENDPOINT: foods.search | PARAMS: {"query":"cottage c","max_results":10} | STATUS: 200
[2026-06-16T04:02:18.935Z] ENDPOINT: foods.search | PARAMS: {"query":"cottage cheese","max_results":10} | STATUS: 200
[2026-06-16T04:04:10.121Z] ENDPOINT: foods.search | PARAMS: {"query":"cottage","max_results":50} | STATUS: 200
[2026-06-16T04:04:10.752Z] ENDPOINT: foods.search | PARAMS: {"query":"cottage","max_results":50} | STATUS: 200
[2026-06-16T04:04:16.280Z] ENDPOINT: foods.search | PARAMS: {"query":"cheese","max_results":50} | STATUS: 200
[2026-06-16T04:05:22.942Z] ENDPOINT: foods.search | PARAMS: {"query":"apple","max_results":50} | STATUS: 200
[2026-06-16T04:05:24.785Z] ENDPOINT: food.get.v2 | PARAMS: {"food_id":"44911664"} | STATUS: 200
[2026-06-16T04:05:34.927Z] ENDPOINT: foods.search | PARAMS: {"query":"tofu","max_results":50} | STATUS: 200
[2026-06-16T04:05:42.912Z] ENDPOINT: foods.search | PARAMS: {"query":"cottage","max_results":50} | STATUS: 200
[2026-06-16T04:05:47.829Z] ENDPOINT: foods.search | PARAMS: {"query":"cheese","max_results":50} | STATUS: 200
[2026-06-16T04:05:52.434Z] ENDPOINT: foods.search | PARAMS: {"query":"cottage","max_results":50} | STATUS: 200
[2026-06-16T04:05:55.815Z] ENDPOINT: foods.search | PARAMS: {"query":"cheese","max_results":50} | STATUS: 200
[2026-06-16T04:05:58.275Z] ENDPOINT: foods.search | PARAMS: {"query":"cottage","max_results":50} | STATUS: 200
[2026-06-16T04:05:58.580Z] ENDPOINT: foods.search | PARAMS: {"query":"cottage","max_results":50} | STATUS: 200
[2026-06-16T04:06:00.423Z] ENDPOINT: foods.search | PARAMS: {"query":"cottage","max_results":50} | STATUS: 200
[2026-06-16T04:06:56.023Z] ENDPOINT: foods.search | PARAMS: {"query":"pnae","max_results":50} | STATUS: 200
[2026-06-16T04:06:57.866Z] ENDPOINT: foods.search | PARAMS: {"query":"tofu","max_results":50} | STATUS: 200
[2026-06-16T04:07:00.941Z] ENDPOINT: foods.search | PARAMS: {"query":"tofu","max_results":50} | STATUS: 200
[2026-06-16T04:07:03.089Z] ENDPOINT: food.get.v2 | PARAMS: {"food_id":"65577"} | STATUS: 200
[2026-06-16T04:07:08.925Z] ENDPOINT: food.get.v2 | PARAMS: {"food_id":"63401"} | STATUS: 200
[2026-06-16T04:07:10.359Z] ENDPOINT: food.get.v2 | PARAMS: {"food_id":"63401"} | STATUS: 200
[2026-06-16T04:07:10.769Z] ENDPOINT: food.get.v2 | PARAMS: {"food_id":"63401"} | STATUS: 200
[2026-06-16T04:07:13.534Z] ENDPOINT: food.get.v2 | PARAMS: {"food_id":"65577"} | STATUS: 200
[2026-06-16T04:07:15.687Z] ENDPOINT: food.get.v2 | PARAMS: {"food_id":"205004"} | STATUS: 200
[2026-06-16T04:07:18.451Z] ENDPOINT: food.get.v2 | PARAMS: {"food_id":"6602100"} | STATUS: 200
[2026-06-16T04:07:59.921Z] ENDPOINT: food.get.v2 | PARAMS: {"food_id":"660210"} | STATUS: 200
[2026-06-16T04:08:12.171Z] ENDPOINT: foods.search | PARAMS: {"query":"cheese","max_results":50} | STATUS: 200
[2026-06-16T04:08:14.363Z] ENDPOINT: foods.search | PARAMS: {"query":"cottage","max_results":50} | STATUS: 200
[2026-06-16T04:08:19.586Z] ENDPOINT: foods.search | PARAMS: {"query":"paneer","max_results":50} | STATUS: 200
[2026-06-16T04:08:22.383Z] ENDPOINT: food.get.v2 | PARAMS: {"food_id":"2755244"} | STATUS: 200
[2026-06-16T04:08:26.343Z] ENDPOINT: food.get.v2 | PARAMS: {"food_id":"2755244"} | STATUS: 200
[2026-06-16T04:16:45.848Z] ENDPOINT: foods.search | PARAMS: {"query":"banana","max_results":50} | STATUS: 200
[2026-06-16T04:16:48.919Z] ENDPOINT: food.get.v2 | PARAMS: {"food_id":"35755"} | STATUS: 200
[2026-06-16T04:17:13.498Z] ENDPOINT: foods.search | PARAMS: {"query":"paneer","max_results":50} | STATUS: 200
[2026-06-16T04:17:15.646Z] ENDPOINT: food.get.v2 | PARAMS: {"food_id":"2755244"} | STATUS: 200
[2026-06-16T04:17:21.482Z] ENDPOINT: food.get.v2 | PARAMS: {"food_id":"2899476"} | STATUS: 200
[2026-06-16T04:17:26.092Z] ENDPOINT: food.get.v2 | PARAMS: {"food_id":"68816205"} | STATUS: 200
[2026-06-16T04:17:32.234Z] ENDPOINT: food.get.v2 | PARAMS: {"food_id":"663153"} | STATUS: 200
[2026-06-16T04:17:37.150Z] ENDPOINT: food.get.v2 | PARAMS: {"food_id":"2755244"} | STATUS: 200
[2026-06-16T04:20:28.260Z] ENDPOINT: foods.search | PARAMS: {"query":"apple","max_results":50} | STATUS: 200
[2026-06-16T04:20:32.559Z] ENDPOINT: foods.search | PARAMS: {"query":"soyaxc","max_results":50} | STATUS: 200
[2026-06-16T04:20:33.787Z] ENDPOINT: foods.search | PARAMS: {"query":"soya","max_results":50} | STATUS: 200
[2026-06-16T04:20:34.402Z] ENDPOINT: foods.search | PARAMS: {"query":"soya","max_results":50} | STATUS: 200
[2026-06-16T04:20:37.478Z] ENDPOINT: food.get.v2 | PARAMS: {"food_id":"52004781"} | STATUS: 200
[2026-06-16T04:30:07.617Z] ENDPOINT: foods.search | PARAMS: {"query":"fatty","max_results":50} | STATUS: 200
[2026-06-16T04:30:11.616Z] ENDPOINT: food.get.v2 | PARAMS: {"food_id":"1736"} | STATUS: 200
[2026-06-16T04:30:42.334Z] ENDPOINT: foods.search | PARAMS: {"query":"paneer","max_results":50} | STATUS: 200
[2026-06-16T04:30:44.381Z] ENDPOINT: food.get.v2 | PARAMS: {"food_id":"2755244"} | STATUS: 200
[2026-06-16T04:38:00.496Z] ENDPOINT: foods.search | PARAMS: {"query":"whey","max_results":50} | STATUS: 200
[2026-06-16T04:38:13.602Z] ENDPOINT: food.get.v2 | PARAMS: {"food_id":"36832447"} | STATUS: 200
[2026-06-16T04:38:39.715Z] ENDPOINT: foods.search | PARAMS: {"query":"vitamin","max_results":50} | STATUS: 200
[2026-06-16T04:38:41.866Z] ENDPOINT: foods.search | PARAMS: {"query":"vitamin","max_results":50} | STATUS: 200
[2026-06-16T04:38:43.706Z] ENDPOINT: food.get.v2 | PARAMS: {"food_id":"923607"} | STATUS: 200
[2026-06-16T04:38:59.683Z] ENDPOINT: food.get.v2 | PARAMS: {"food_id":"1093808"} | STATUS: 200
[2026-06-16T04:40:54.878Z] ENDPOINT: foods.search | PARAMS: {"query":"vitamin","max_results":50} | STATUS: 200
[2026-06-16T04:40:57.032Z] ENDPOINT: food.get.v2 | PARAMS: {"food_id":"923607"} | STATUS: 200
[2026-06-16T04:43:50.187Z] ENDPOINT: foods.search | PARAMS: {"query":"tiofu","max_results":50} | STATUS: 200
[2026-06-16T04:43:52.753Z] ENDPOINT: foods.search | PARAMS: {"query":"vitamin","max_results":50} | STATUS: 200
[2026-06-16T04:44:01.038Z] ENDPOINT: food.get.v2 | PARAMS: {"food_id":"74095062"} | STATUS: 200
[2026-06-16T05:46:45.063Z] ENDPOINT: foods.search | PARAMS: {"query":"cherry","max_results":50} | STATUS: 200
[2026-06-16T05:46:46.907Z] ENDPOINT: food.get.v2 | PARAMS: {"food_id":"35777"} | STATUS: 200
[2026-06-16T05:47:05.041Z] ENDPOINT: foods.search | PARAMS: {"query":"nachos","max_results":50} | STATUS: 200
[2026-06-16T05:47:07.490Z] ENDPOINT: food.get.v2 | PARAMS: {"food_id":"39915"} | STATUS: 200
[2026-06-16T05:47:12.555Z] ENDPOINT: foods.search | PARAMS: {"query":"kurk","max_results":50} | STATUS: 200
[2026-06-16T05:47:13.634Z] ENDPOINT: foods.search | PARAMS: {"query":"kurkure","max_results":50} | STATUS: 200
[2026-06-16T05:47:49.580Z] ENDPOINT: foods.search | PARAMS: {"query":"kwar","max_results":50} | STATUS: 200
[2026-06-16T05:47:52.650Z] ENDPOINT: food.get.v2 | PARAMS: {"food_id":"5723305"} | STATUS: 200
[2026-06-16T05:48:00.022Z] ENDPOINT: foods.search | PARAMS: {"query":"chai","max_results":50} | STATUS: 200
[2026-06-16T05:48:02.377Z] ENDPOINT: food.get.v2 | PARAMS: {"food_id":"10716758"} | STATUS: 200
[2026-06-17T04:54:37.251Z] ENDPOINT: foods.search | PARAMS: {"query":"tofu","max_results":50} | STATUS: 200
[2026-06-17T04:54:47.695Z] ENDPOINT: foods.search | PARAMS: {"query":"paneer","max_results":50} | STATUS: 200
[2026-06-17T04:54:56.298Z] ENDPOINT: foods.search | PARAMS: {"query":"apple","max_results":50} | STATUS: 200
[2026-06-17T04:55:00.601Z] ENDPOINT: foods.search | PARAMS: {"query":"apple","max_results":50} | STATUS: 200
[2026-06-17T04:55:05.206Z] ENDPOINT: foods.search | PARAMS: {"query":"apple","max_results":50} | STATUS: 200
[2026-06-17T04:55:06.333Z] ENDPOINT: foods.search | PARAMS: {"query":"appl","max_results":50} | STATUS: 200
[2026-06-17T04:55:07.361Z] ENDPOINT: foods.search | PARAMS: {"query":"apple","max_results":50} | STATUS: 200
[2026-06-17T04:55:37.155Z] ENDPOINT: foods.search | PARAMS: {"query":"tofu","max_results":50} | STATUS: 200
[2026-06-18T23:51:18.230Z] ENDPOINT: foods.search | PARAMS: {"query":"tofu","max_results":50} | STATUS: 200
